[debug] [2020-03-09T08:23:52.831Z] ----------------------------------------------------------------------
[debug] [2020-03-09T08:23:52.834Z] Command:       /Users/tjori/.nvm/versions/node/v8.17.0/bin/node /Users/tjori/.nvm/versions/node/v8.17.0/bin/firebase init
[debug] [2020-03-09T08:23:52.834Z] CLI Version:   7.14.0
[debug] [2020-03-09T08:23:52.835Z] Platform:      darwin
[debug] [2020-03-09T08:23:52.835Z] Node Version:  v8.17.0
[debug] [2020-03-09T08:23:52.836Z] Time:          Mon Mar 09 2020 13:53:52 GMT+0530 (IST)
[debug] [2020-03-09T08:23:52.836Z] ----------------------------------------------------------------------
[debug] [2020-03-09T08:23:52.836Z] 
[debug] [2020-03-09T08:23:52.845Z] > command requires scopes: ["email","openid","https://www.googleapis.com/auth/cloudplatformprojects.readonly","https://www.googleapis.com/auth/firebase","https://www.googleapis.com/auth/cloud-platform"]
[debug] [2020-03-09T08:23:52.845Z] > authorizing via signed-in user
[info] 
     ######## #### ########  ######## ########     ###     ######  ########
     ##        ##  ##     ## ##       ##     ##  ##   ##  ##       ##
     ######    ##  ########  ######   ########  #########  ######  ######
     ##        ##  ##    ##  ##       ##     ## ##     ##       ## ##
     ##       #### ##     ## ######## ########  ##     ##  ######  ########

You're about to initialize a Firebase project in this directory:

  /Users/tjori/nks/Post/nitin

[info] 
=== Project Setup
[info] 
[info] First, let's associate this project directory with a Firebase project.
[info] You can create multiple project aliases by running firebase use --add, 
[info] but for now we'll just set up a default project.
[info] 
[debug] [2020-03-09T08:24:07.449Z] TypeError: Cannot read property 'setRawMode' of null
    at ReadStream.setRawMode (tty.js:57:16)
    at Interface._setRawMode (readline.js:241:16)
    at Interface.close (readline.js:365:10)
    at ReadStream.ontermend (readline.js:154:10)
    at emitNone (events.js:111:20)
    at ReadStream.emit (events.js:208:7)
    at endReadableNT (_stream_readable.js:1064:12)
    at _combinedTickCallback (internal/process/next_tick.js:139:11)
    at process._tickDomainCallback (internal/process/next_tick.js:219:9)
